$ npx create-next-app@latest
Need to install the following packages:
create-next-app@15.3.3
Ok to proceed? (y) y
√ What is your project named? ... petrolscan-web-app
√ Would you like to use TypeScript? ... No / Yes
√ Would you like to use ESLint? ... No / Yes
√ Would you like to use Tailwind CSS? ... No / Yes
√ Would you like your code inside a `src/` directory? ... No / Yes
√ Would you like to use App Router? (recommended) ... No / Yes
√ Would you like to use Turbopack for `next dev`? ... No / Yes
√ Would you like to customize the import alias (`@/*` by default)? ... No / Yes
Creating a new Next.js app in /home/marpolda/dev/petrolscan-web-app

Using npm.

Initializing project with template: app-tw


Installing dependencies:
- react
- react-dom
- next

Installing devDependencies:
- typescript
- @types/node
- @types/react
- @types/react-dom
- @tailwindcss/postcss
- tailwindcss
- eslint
- eslint-config-next
- @eslint/eslintrc


added 339 packages, and audited 340 packages in 51s

136 packages are looking for funding
  run `npm fund` for details

7 low severity vulnerabilities

To address all issues, run:
  npm audit fix

Run `npm audit` for details.
Success! Created petrolscan-web-app at /home/marpolda/dev/petrolscan-web-app
